生成启动时间为 2023/2/16 17:16:13。
     1>项目“D:\Project\AFDRVCheck\AFDRVCheck\AFDRVCheck.vcxproj”在节点 2 上(Build 个目标)。
     1>ClCompile:
         C:\Program Files (x86)\Microsoft Visual Studio 14.0\VC\bin\CL.exe /c /I.\GeneratedFiles /I. /IC:\Qt\Qt5.8.0\5.8\msvc2015\include /I.\GeneratedFiles\Release /IC:\Qt\Qt5.8.0\5.8\msvc2015\include\QtCore /IC:\Qt\Qt5.8.0\5.8\msvc2015\include\QtGui /IC:\Qt\Qt5.8.0\5.8\msvc2015\include\QtWidgets /nologo /W1 /WX- /O2 /Oy- /D UNICODE /D WIN32 /D WIN64 /D QT_DLL /D QT_NO_DEBUG /D NDEBUG /D QT_CORE_LIB /D QT_GUI_LIB /D QT_WIDGETS_LIB /D _AFXDLL /Gm- /EHsc /MD /GS /fp:precise /Zc:wchar_t /Zc:forScope /Zc:inline /Fo"Release\\" /Fd"Release\vc140.pdb" /Gd /TP /analyze- /errorReport:prompt AFDRVCheck.cpp
         AFDRVCheck.cpp
     1>AFDRVCheck.cpp(1957): warning C4838: 从“int”转换到“unsigned char”需要收缩转换
     1>AFDRVCheck.cpp(1959): warning C4838: 从“int”转换到“unsigned char”需要收缩转换
     1>AFDRVCheck.cpp(2657): warning C4838: 从“int”转换到“unsigned char”需要收缩转换
     1>AFDRVCheck.cpp(2669): warning C4838: 从“int”转换到“unsigned char”需要收缩转换
     1>AFDRVCheck.cpp(2744): warning C4838: 从“int”转换到“unsigned char”需要收缩转换
       Link:
         C:\Program Files (x86)\Microsoft Visual Studio 14.0\VC\bin\link.exe /ERRORREPORT:PROMPT /OUT:"D:\Project\AFDRVCheck\Win32\Release\\AFDRVCheck.exe" /NOLOGO /LIBPATH:C:\Qt\Qt5.8.0\5.8\msvc2015\lib qtmain.lib Qt5Core.lib Qt5Gui.lib Qt5Widgets.lib dclib.lib dglib.lib d2lib.lib AW86006_OIS_Dll.lib /MANIFEST /MANIFESTUAC:"level='asInvoker' uiAccess='false'" /manifest:embed /manifestinput:"C:\Program Files (x86)\Microsoft Visual Studio 14.0\VC\Include\Manifest\dpiaware.manifest" /PDB:"D:\Project\AFDRVCheck\Win32\Release\AFDRVCheck.pdb" /SUBSYSTEM:WINDOWS /TLBID:1 /DYNAMICBASE /NXCOMPAT /IMPLIB:"D:\Project\AFDRVCheck\Win32\Release\AFDRVCheck.lib" /MACHINE:X86 /SAFESEH Release\AFDRVCheck.obj
         Release\Common.obj
         Release\Eeprom.obj
         Release\qrc_AFDRVCheck.obj
         Release\moc_AFDRVCheck.obj
         Release\moc_mythread.obj
         Release\I2C.obj
         Release\main.obj
         Release\mythread.obj
         Release\stdafx.obj
         AFDRVCheck.vcxproj -> D:\Project\AFDRVCheck\Win32\Release\AFDRVCheck.exe
     1>已完成生成项目“D:\Project\AFDRVCheck\AFDRVCheck\AFDRVCheck.vcxproj”(Build 个目标)的操作。

已成功生成。

已用时间 00:00:05.89
