d:\project\afdrvcheck\afdrvcheck\release\afdrvcheck.pch
d:\project\afdrvcheck\afdrvcheck\release\stdafx.obj
d:\project\afdrvcheck\afdrvcheck\release\mythread.obj
d:\project\afdrvcheck\afdrvcheck\release\main.obj
d:\project\afdrvcheck\afdrvcheck\release\i2c.obj
d:\project\afdrvcheck\afdrvcheck\release\moc_mythread.obj
d:\project\afdrvcheck\afdrvcheck\release\moc_afdrvcheck.obj
d:\project\afdrvcheck\afdrvcheck\release\eeprom.obj
d:\project\afdrvcheck\afdrvcheck\release\common.obj
d:\project\afdrvcheck\afdrvcheck\release\afdrvcheck.obj
d:\project\afdrvcheck\afdrvcheck\release\qrc_afdrvcheck.obj
d:\project\afdrvcheck\afdrvcheck\generatedfiles\release\moc_afdrvcheck.cpp
d:\project\afdrvcheck\afdrvcheck\generatedfiles\ui_afdrvcheck.h
d:\project\afdrvcheck\afdrvcheck\generatedfiles\release\moc_mythread.cpp
d:\project\afdrvcheck\afdrvcheck\generatedfiles\qrc_afdrvcheck.cpp
d:\project\afdrvcheck\win32\release\afdrvcheck.exe
d:\project\afdrvcheck\afdrvcheck\release\afdrvcheck.tlog\cl.command.1.tlog
d:\project\afdrvcheck\afdrvcheck\release\afdrvcheck.tlog\cl.read.1.tlog
d:\project\afdrvcheck\afdrvcheck\release\afdrvcheck.tlog\cl.write.1.tlog
d:\project\afdrvcheck\afdrvcheck\release\afdrvcheck.tlog\custombuild.command.1.tlog
d:\project\afdrvcheck\afdrvcheck\release\afdrvcheck.tlog\custombuild.read.1.tlog
d:\project\afdrvcheck\afdrvcheck\release\afdrvcheck.tlog\custombuild.write.1.tlog
d:\project\afdrvcheck\afdrvcheck\release\afdrvcheck.tlog\link.command.1.tlog
d:\project\afdrvcheck\afdrvcheck\release\afdrvcheck.tlog\link.read.1.tlog
d:\project\afdrvcheck\afdrvcheck\release\afdrvcheck.tlog\link.write.1.tlog
