生成启动时间为 2023/2/20 8:41:52。
     1>项目“D:\Project\AFDRVCheck\AFDRVCheck\AFDRVCheck.vcxproj”在节点 2 上(Build 个目标)。
     1>ClCompile:
         C:\Program Files (x86)\Microsoft Visual Studio 14.0\VC\bin\CL.exe /c /I.\GeneratedFiles /I. /IC:\Qt\Qt5.8.0\5.8\msvc2015\include /I.\GeneratedFiles\Debug /IC:\Qt\Qt5.8.0\5.8\msvc2015\include\QtCore /IC:\Qt\Qt5.8.0\5.8\msvc2015\include\QtGui /IC:\Qt\Qt5.8.0\5.8\msvc2015\include\QtWidgets /Zi /nologo /W1 /WX- /Od /Oy- /D UNICODE /D WIN32 /D WIN64 /D QT_DLL /D QT_CORE_LIB /D QT_GUI_LIB /D QT_WIDGETS_LIB /D _AFXDLL /Gm- /EHsc /MDd /GS /fp:precise /Zc:wchar_t /Zc:forScope /Zc:inline /Fo"Debug\\" /Fd"Debug\vc140.pdb" /Gd /TP /analyze- /errorReport:prompt AFDRVCheck.cpp
         AFDRVCheck.cpp
       Link:
         C:\Program Files (x86)\Microsoft Visual Studio 14.0\VC\bin\link.exe /ERRORREPORT:PROMPT /OUT:"D:\Project\AFDRVCheck\Win32\Debug\\AFDRVCheck.exe" /NOLOGO /LIBPATH:C:\Qt\Qt5.8.0\5.8\msvc2015\lib qtmaind.lib Qt5Cored.lib Qt5Guid.lib Qt5Widgetsd.lib dclib.lib dglib.lib d2lib.lib AW86006_OIS_Dll.lib /MANIFEST /MANIFESTUAC:"level='asInvoker' uiAccess='false'" /manifest:embed /manifestinput:"C:\Program Files (x86)\Microsoft Visual Studio 14.0\VC\Include\Manifest\dpiaware.manifest" /Debug /PDB:"D:\Project\AFDRVCheck\Win32\Debug\AFDRVCheck.pdb" /SUBSYSTEM:WINDOWS /TLBID:1 /DYNAMICBASE /NXCOMPAT /IMPLIB:"D:\Project\AFDRVCheck\Win32\Debug\AFDRVCheck.lib" /MACHINE:X86 /SAFESEH Debug\AFDRVCheck.obj
         Debug\Common.obj
         Debug\Eeprom.obj
         Debug\moc_AFDRVCheck.obj
         Debug\moc_mythread.obj
         Debug\qrc_AFDRVCheck.obj
         Debug\I2C.obj
         Debug\main.obj
         Debug\mythread.obj
         Debug\stdafx.obj
         AFDRVCheck.vcxproj -> D:\Project\AFDRVCheck\Win32\Debug\AFDRVCheck.exe
     1>已完成生成项目“D:\Project\AFDRVCheck\AFDRVCheck\AFDRVCheck.vcxproj”(Build 个目标)的操作。

已成功生成。

已用时间 00:00:04.15
