d:\project\afdrvcheck\afdrvcheck\debug\afdrvcheck.pch
d:\project\afdrvcheck\afdrvcheck\debug\vc140.pdb
d:\project\afdrvcheck\afdrvcheck\debug\stdafx.obj
d:\project\afdrvcheck\afdrvcheck\debug\mythread.obj
d:\project\afdrvcheck\afdrvcheck\debug\main.obj
d:\project\afdrvcheck\afdrvcheck\debug\i2c.obj
d:\project\afdrvcheck\afdrvcheck\debug\moc_mythread.obj
d:\project\afdrvcheck\afdrvcheck\debug\moc_afdrvcheck.obj
d:\project\afdrvcheck\afdrvcheck\debug\eeprom.obj
d:\project\afdrvcheck\afdrvcheck\debug\common.obj
d:\project\afdrvcheck\afdrvcheck\debug\afdrvcheck.obj
d:\project\afdrvcheck\afdrvcheck\debug\qrc_afdrvcheck.obj
d:\project\afdrvcheck\afdrvcheck\generatedfiles\debug\moc_afdrvcheck.cpp
d:\project\afdrvcheck\afdrvcheck\generatedfiles\ui_afdrvcheck.h
d:\project\afdrvcheck\afdrvcheck\generatedfiles\debug\moc_mythread.cpp
d:\project\afdrvcheck\afdrvcheck\generatedfiles\qrc_afdrvcheck.cpp
d:\project\afdrvcheck\win32\debug\afdrvcheck.ilk
d:\project\afdrvcheck\win32\debug\afdrvcheck.exe
d:\project\afdrvcheck\win32\debug\afdrvcheck.pdb
d:\project\afdrvcheck\afdrvcheck\debug\afdrvcheck.tlog\cl.command.1.tlog
d:\project\afdrvcheck\afdrvcheck\debug\afdrvcheck.tlog\cl.read.1.tlog
d:\project\afdrvcheck\afdrvcheck\debug\afdrvcheck.tlog\cl.write.1.tlog
d:\project\afdrvcheck\afdrvcheck\debug\afdrvcheck.tlog\custombuild.command.1.tlog
d:\project\afdrvcheck\afdrvcheck\debug\afdrvcheck.tlog\custombuild.read.1.tlog
d:\project\afdrvcheck\afdrvcheck\debug\afdrvcheck.tlog\custombuild.write.1.tlog
d:\project\afdrvcheck\afdrvcheck\debug\afdrvcheck.tlog\link.command.1.tlog
d:\project\afdrvcheck\afdrvcheck\debug\afdrvcheck.tlog\link.read.1.tlog
d:\project\afdrvcheck\afdrvcheck\debug\afdrvcheck.tlog\link.write.1.tlog
